2025-08-22T13:51:31+00:00 INFO Doing Task:set_settings
2025-08-22T13:51:31+00:00 INFO Task Done:set_settings
2025-08-22T13:51:31+00:00 INFO Doing Task:create_default_lists
2025-08-22T13:51:31+00:00 INFO Task Done:create_default_lists
2025-08-22T13:51:31+00:00 INFO Doing Task:create_contacts_and_add_to_list
2025-08-22T13:51:31+00:00 INFO Task Done:create_contacts_and_add_to_list
2025-08-22T13:51:31+00:00 INFO Doing Task:configure_mailer_plugin
2025-08-22T13:51:36+00:00 INFO Task Done:configure_mailer_plugin
2025-08-22T13:51:36+00:00 INFO Doing Task:add_default_workflows
2025-08-22T13:51:36+00:00 INFO Task Done:add_default_workflows
2025-08-22T13:51:36+00:00 INFO Doing Task:create_default_newsletter_broadcast
2025-08-22T13:51:36+00:00 INFO Task Done:create_default_newsletter_broadcast
2025-08-22T13:51:36+00:00 INFO Doing Task:create_default_post_notification
2025-08-22T13:51:36+00:00 INFO Task Done:create_default_post_notification
2025-08-22T13:51:36+00:00 INFO Doing Task:create_default_subscription_form
2025-08-22T13:51:36+00:00 INFO Task Done:create_default_subscription_form
2025-08-22T13:51:36+00:00 INFO Doing Task:add_widget_to_sidebar
2025-08-22T13:51:36+00:00 INFO Task Done:add_widget_to_sidebar
2025-08-22T13:54:56+00:00 INFO Doing Task:subscribe_to_es
2025-08-22T13:54:58+00:00 INFO Task Done:subscribe_to_es
2025-08-22T13:54:58+00:00 INFO Doing Task:save_final_configuration
2025-08-22T13:54:58+00:00 INFO Task Done:save_final_configuration
